No Skyrme interaction defined in routine skforce()

  =======================================
           FORTRAN 95 CODE (KIND= 8) 
               Version: 201   
  =======================================
       AXIALLY DEFORMED CONFIGURATIONAL  
     HARTREE-FOCK-BOGOLIUBOV CALCULATIONS
                     WITH                
            UNEDF AND DELTA PAIRING      
                     USING               
             HARMONIC-OSCILLATOR         
                   AND/OR                
       TRANSFORMED HARMONIC-OSCILLATOR   
                    BASIS                
                     ---                 
               v1.66  (2005):,           
   Stoitsov,Dobaczewski,Nazarewicz,Ring, 
               v2.00d (2012):,           
         Stoitsov,Schunck,Kortelainen    
  =======================================
    Nucleus: PU (A= 240, N=146, Z= 94)
       Reflection Symmetry Imposed       
            ( 7/ 5/2013, 15:42)                               
  =======================================


  ---------------------------------------
           UNEDF Module Version:17
         M.Kortelainen & M.Stoitsov 
  ---------------------------------------

  FITS functional
  ----------------------------------
  Crho(0)=   -706.382928878428856    ; Crho(1)=    240.049520427681131    
  CDrho(0)=   868.871771539645351    ; CDrho(1)=  -69.0518957481631617    
  Ctau(0)=   -12.9172408208016112    ; Ctau(1)=   -45.1894169426759476    
  CrDr(0)=   -55.2606000000000037    ; CrDr(1)=   -55.6225999999999985    
  CrdJ(0)=   -79.5307999999999993    ; CrdJ(1)=    45.6302000000000021    
  CJ(0)=      0.00000000000000000    ; CJ(1)=      0.00000000000000000    
  CpV0(0)=   -170.373999999999995    ; CpV0(1)=   -199.201999999999998    
  CpV1(0)=   0.500000000000000000    ; CpV1(1)=   0.500000000000000000    
  sigma=     0.321955989588264435    ; hbzero=     20.7355300000000007    
  e^2 chrg=   1.43997840859651349    ; CExPar=     1.00000000000000000    
  c.m. correction: T, chr. density in direct Coul: F
  use tensor terms: F
  use TMR pairing:  0

  Coupling constants in natural units
  -----------------------------------
  Crho_nu(0)=  -0.795471888366726554    ; Crho_nu(1)=   0.270324547082873012    
  CDrho_nu(0)=  0.906309849094393161    ; CDrho_nu(1)= -0.720272142163200374E-01
  Ctau_nu(0)=  -0.183103357231201552    ; Ctau_nu(1)=  -0.640565122870490944    
  CrDr_nu(0)=  -0.783325287728328878    ; CrDr_nu(1)=  -0.788456678885096074    
  CrdJ_nu(0)=   -1.12735813207355995    ; CrdJ_nu(1)=   0.646813272821887275    
  CJ_nu(0)=      0.00000000000000000    ; CJ_nu(1)=      0.00000000000000000    
  CpV0_nu(0)=  -0.191861555493390873    ; CpV0_nu(1)=  -0.224325340588320099    
  CpV1_nu(0)=   0.443851127103029534E-03; CpV1_nu(1)=   0.443851127103029534E-03
  fpi_nu=        93.0000000000000000    ; Lambda_nu=     700.000000000000000    

  Nuclear matter properties
  ----------------------------------
      E_NM=     -16.0558999999999656      K_NM=     229.9999999999994600
      P_NM=       0.0000000000000002    RHO_NM=       0.1605259999999998
    ASS_NM=      30.5428999999999569   LASS_NM=      45.0803999999999689
  SMASS_NM=       0.9000000000000001  VMASS_NM=       1.2498379999999996

  Associated (t,x)-coupling constants
  -----------------------------------
  t0=      -1883.68781034247695    ; x0=       0.974374651612197606E-02
  t1=       277.500212238931169    ; x1=       -1.77784394560870229    
  t2=       608.430905591534383    ; x2=       -1.67699034528797575    
  t3=       13901.9483446343256    ; x3=      -0.380790414633100260    
  b4=       125.161000000000001    ; b4p=      -91.2604000000000042    
  te=      -184.461552003853939    ; to=       -118.275413333333333    
  sigma=   0.321955989588264435    ; hbzero=    20.7355300000000007    

  ---------------------------------------
        Characteristics of the run       
  ---------------------------------------
  Output file ................:     7
  Nucleus ....................:   PU 240
  Number of HO shells ........:    10
  HO length b0 (fm) ..........:     2.28871591868399
  Basis deformation ..........:  beta0=   0.000 q=   1.000
  HO: b0,1/b0,bp,bz,q ........:   0.22887159E+01  0.43692622E+00  0.22887159E+01  0.22887159E+01  0.10000000E+01
  h**2/(2m), cmc, e**2 .......:   0.20735530E+02  0.20649132E+02  0.14399784E+01
  hom=f*41.0_pr*A^{-1/3}, f...:   0.79170130E+01  0.12000000E+01
  THO basis is ...............:  OFF
  Maximal number of iterations:   200
  Initial mixing parameter ...:  0.300
  Initial wave functions from :  tape
  Skyrme functional ..........:    FITS                          
    with direct and exchange Coulomb
  Lipkin-Nogami procedure is .:   ON
  PAV procedure is ...........:  OFF
  Constraint calculation is ..:  OFF
  Temperature T ..............:   0.00 MeV
  Restart indicator ..........:  -1
  Broyden mixing (#iterations):   7

  ---------------------------------------
        Harmonic Oscillator Basis        
  ---------------------------------------
  NUV, NQP:                        6222     286
  Comparison with bookkeeping spherical basis:
  n00:                               10      10  Maximal number of shells
  nbx, 2*n00+1:                      21      21  Maximal number of K-blocks
  ntx, (n00+1)*(n00+2)*(n00+3)/6    286     286  Max.num. p/n levels
  nzx, n00:                          10      10  Maximal nz-quantum number
  nrx, n00/2  :                       5       5  Maximal nr-quantum number
  nlx, n00:                          10      10  Maximal ml-quantum number
  ndx, (n00+2)*(n00+2)/4:            36      36  Maximal dim. of one k-block

  Actual basis used
  Number of blocks: nb .......:   21
  Number of levels: nt .......:  286
  Maximal 2*omega : nom ......:   21
  Maximal nz:       nzm ......:   10
  Maximal nr:       nrm ......:    5
  Maximal ml:       nlm ......:   10
  Maximal N=nz+2*nr+nl .......:   10
  2 x biggest block dim. .....:   72
  Non-zero elements of h .....:     3254
  Number of Broyden elements .:    13016

  ---------------------------------------
            Integration Meshes           
  ---------------------------------------
  Number of Gauss-Hermite mesh points ngh ....:  40
  Number of Gauss-Laguerre mesh points ngl ...:  40
  Number of Gauss-Legendre mesh points nleg ..:  80
  Integration boundaries
    Hermite  - from xh(1)  =  0.12379686 to xh(ngh)   = 11.88786356
    Laguerre - From xl(1)  =  0.03570039 to xl(ngl)   =142.28004447
    Legendre - From xleg(1)=  0.00978669 to xleg(nleg)=  0.99988775
  Max.dev.in:     Orthogonality            Normalization
  Hermite     1.5248282503475657E-015   1.0991207943789050E-014
  Laguerre    4.8291451697098846E-015   9.3258734068513149E-015

  The file s146_094.hel is missing!
  STARTING FROM SCRATCH WITH ININ=IABS(ININ)!


  Scratch initialization for the nucleus: PU 146  94


  Initial potentials of Saxon-Woods shape 
  v0ws   =  -71.27999878
  kappa  =    0.46160001
  vs0    =   11.11750031   11.11750031
  r0     =    1.23339999    1.23339999
  a      =    0.61500001    0.61500001
  r0-so  =    1.14429998    1.14429998
  a-so   =    0.64760000    0.64760000
  beta00 =    0.00000000

  ### INITIAL STAGE(constrained calculations, reflection symmetry used)
  |HFB+HO> iterations(b0=  2.289, Nsh= 10, inin=  1, N=146, Z= 94)...
  ----------------------------------------------------------------------------------------------------------------------------------
  i          si     mix   beta      Etot       A       rn      rp         En      Dn      Ep      Dp        Ln      Lp     time
  ----------------------------------------------------------------------------------------------------------------------------------
   1L  72.35828258 0.30  0.000     0.000000    0.0   0.000   0.000 |   -2.000   1.000  -2.000   1.000 |   -7.000  -7.000   0.000
                            f: ala2(n,p)=   0.066   0.087 #eln(n,p,t)=    -0.418    -0.340    -0.758 #del+ala2=   0.375   0.356
   2B  43.15028893 0.10 -0.000 -1502.589113  240.0   5.565   5.255 |   -2.449   0.375  -1.428   0.356 |  -14.339 -29.023  28.877
                            f: ala2(n,p)=   0.139   0.098 #eln(n,p,t)=    -0.563    -0.426    -0.988 #del+ala2=   0.429   0.411
   3B  14.75247797 0.11  0.137 -1669.556387  240.0   5.708   5.730 |   -2.033   0.429  -1.743   0.411 |   -5.252  -9.504   0.631
                            f: ala2(n,p)=   0.161   0.156 #eln(n,p,t)=    -0.566    -0.510    -1.076 #del+ala2=   0.422   0.434
   4B  17.19588790 0.10  0.248 -1590.021244  240.0   6.094   5.581 |   -1.603   0.422  -1.363   0.434 |   -5.817  -5.836   0.630
                            f: ala2(n,p)=   0.164   0.228 #eln(n,p,t)=    -0.572    -0.591    -1.162 #del+ala2=   0.421   0.496
   5B   3.91062301 0.11  0.294 -1783.640141  240.0   5.998   5.850 |   -1.524   0.421  -1.282   0.496 |   -6.083  -5.830   0.623
                            f: ala2(n,p)=   0.112   0.098 #eln(n,p,t)=    -0.476    -0.431    -0.907 #del+ala2=   0.379   0.397
   6B   3.32391851 0.13  0.339 -1779.229121  240.0   6.038   5.879 |   -1.691   0.379  -1.649   0.397 |   -6.269  -5.860   0.630
                            f: ala2(n,p)=   0.126   0.084 #eln(n,p,t)=    -0.494    -0.409    -0.903 #del+ala2=   0.390   0.390
   7B   3.57931517 0.10  0.348 -1789.362562  240.0   6.054   5.892 |   -1.660   0.390  -1.740   0.390 |   -6.298  -5.805   0.683
                            f: ala2(n,p)=   0.150   0.094 #eln(n,p,t)=    -0.531    -0.436    -0.967 #del+ala2=   0.405   0.401
   8B   3.19214543 0.11  0.328 -1793.720403  240.0   6.036   5.880 |   -1.516   0.405  -1.727   0.401 |   -6.202  -5.741   0.640
                            f: ala2(n,p)=   0.146   0.125 #eln(n,p,t)=    -0.527    -0.487    -1.014 #del+ala2=   0.399   0.419
   9B   2.85162921 0.13  0.312 -1795.500698  240.0   6.024   5.860 |   -1.484   0.399  -1.556   0.419 |   -6.171  -5.691   0.628
                            f: ala2(n,p)=   0.151   0.129 #eln(n,p,t)=    -0.525    -0.491    -1.015 #del+ala2=   0.397   0.417
  10B   2.41612708 0.14  0.293 -1796.680089  240.0   6.009   5.839 |   -1.405   0.397  -1.480   0.417 |   -6.098  -5.623   0.635
                            f: ala2(n,p)=   0.124   0.111 #eln(n,p,t)=    -0.462    -0.437    -0.899 #del+ala2=   0.368   0.392
  11B   1.64983307 0.16  0.260 -1797.062588  240.0   5.983   5.821 |   -1.399   0.368  -1.432   0.392 |   -5.926  -5.440   0.000
  ----------------------------------------------------------------------------------------------------------------------------------
  *   iterations limit interrupt after  11 steps   si=     1.6498330667 ho= -1 tho=  0
  ----------------------------------------------------------------------------------------------------------------------------------
  Total CPU time=   0.577 minutes

  ### REGULAR STAGE (reflection symmetry imposed)
  |HFB+HO> iterations(b0=  2.289, Nsh= 10, inin=  1, N=146, Z= 94)...
  ----------------------------------------------------------------------------------------------------------------------------------
  i          si     mix   beta      Etot       A       rn      rp         En      Dn      Ep      Dp        Ln      Lp     time
  ----------------------------------------------------------------------------------------------------------------------------------
   1B   1.64983307 0.16  0.260 -1797.062588  240.0   5.983   5.821 |   -1.399   0.368  -1.432   0.392 |   -5.926  -5.440   0.000
                            f: ala2(n,p)=   0.068   0.072 #eln(n,p,t)=    -0.358    -0.351    -0.709 #del+ala2=   0.331   0.362
   2B   1.21017051 0.18  0.216 -1794.741165  240.0   5.960   5.795 |   -1.660   0.331  -1.596   0.362 |   -5.711  -5.139   0.516
                            f: ala2(n,p)=   0.149   0.128 #eln(n,p,t)=    -0.489    -0.444    -0.933 #del+ala2=   0.391   0.397
   3B   2.60105303 0.10  0.228 -1793.185510  240.0   5.970   5.811 |   -1.390   0.391  -1.347   0.397 |   -5.738  -5.082   0.516
                            f: ala2(n,p)=   0.115   0.101 #eln(n,p,t)=    -0.445    -0.408    -0.852 #del+ala2=   0.364   0.381
   4B   0.49842999 0.11  0.229 -1796.737654  240.0   5.973   5.806 |   -1.474   0.364  -1.456   0.381 |   -5.754  -5.121   0.501
                            f: ala2(n,p)=   0.113   0.101 #eln(n,p,t)=    -0.442    -0.409    -0.851 #del+ala2=   0.362   0.381
   5B   0.47252860 0.13  0.233 -1796.995523  240.0   5.975   5.810 |   -1.470   0.362  -1.455   0.381 |   -5.773  -5.156   0.501
                            f: ala2(n,p)=   0.121   0.108 #eln(n,p,t)=    -0.451    -0.420    -0.872 #del+ala2=   0.366   0.384
   6B   0.42790816 0.14  0.239 -1797.341792  240.0   5.980   5.816 |   -1.412   0.366  -1.411   0.384 |   -5.808  -5.193   0.509
                            f: ala2(n,p)=   0.125   0.119 #eln(n,p,t)=    -0.452    -0.435    -0.886 #del+ala2=   0.364   0.389
   7B   0.26989008 0.16  0.248 -1797.728607  240.0   5.986   5.822 |   -1.348   0.364  -1.348   0.389 |   -5.845  -5.257   0.515
                            f: ala2(n,p)=   0.134   0.126 #eln(n,p,t)=    -0.454    -0.439    -0.893 #del+ala2=   0.364   0.389
   8B   0.21795691 0.18  0.258 -1798.007136  240.0   5.992   5.830 |   -1.246   0.364  -1.274   0.389 |   -5.878  -5.333   0.516
                            f: ala2(n,p)=   0.133   0.128 #eln(n,p,t)=    -0.444    -0.436    -0.881 #del+ala2=   0.357   0.386
   9B   0.12125750 0.21  0.263 -1798.075879  240.0   5.995   5.833 |   -1.185   0.357  -1.224   0.386 |   -5.884  -5.366   0.503
                            f: ala2(n,p)=   0.135   0.129 #eln(n,p,t)=    -0.439    -0.433    -0.872 #del+ala2=   0.354   0.384
  10B   0.03475067 0.24  0.265 -1798.098995  240.0   5.996   5.834 |   -1.140   0.354  -1.190   0.384 |   -5.886  -5.375   0.502
                            f: ala2(n,p)=   0.135   0.128 #eln(n,p,t)=    -0.435    -0.428    -0.862 #del+ala2=   0.351   0.381
  11B   0.02566297 0.27  0.265 -1798.100291  240.0   5.996   5.834 |   -1.110   0.351  -1.171   0.381 |   -5.879  -5.367   0.507
                            f: ala2(n,p)=   0.135   0.128 #eln(n,p,t)=    -0.428    -0.423    -0.851 #del+ala2=   0.348   0.378
  12B   0.02019033 0.30  0.265 -1798.100197  240.0   5.995   5.833 |   -1.078   0.348  -1.147   0.378 |   -5.873  -5.359   0.514
                            f: ala2(n,p)=   0.135   0.127 #eln(n,p,t)=    -0.423    -0.419    -0.842 #del+ala2=   0.345   0.375
  13B   0.00815025 0.34  0.265 -1798.099372  240.0   5.995   5.833 |   -1.050   0.345  -1.128   0.375 |   -5.871  -5.359   0.507
                            f: ala2(n,p)=   0.135   0.127 #eln(n,p,t)=    -0.420    -0.417    -0.837 #del+ala2=   0.343   0.374
  14B   0.00801429 0.38  0.265 -1798.099132  240.0   5.995   5.833 |   -1.035   0.343  -1.119   0.374 |   -5.871  -5.358   0.504
                            f: ala2(n,p)=   0.135   0.127 #eln(n,p,t)=    -0.418    -0.415    -0.833 #del+ala2=   0.342   0.373
  15B   0.00366739 0.43  0.265 -1798.098206  240.0   5.995   5.833 |   -1.023   0.342  -1.111   0.373 |   -5.872  -5.358   0.501
                            f: ala2(n,p)=   0.135   0.127 #eln(n,p,t)=    -0.415    -0.414    -0.829 #del+ala2=   0.341   0.372
  16B   0.00388986 0.10  0.265 -1798.098500  240.0   5.995   5.833 |   -1.010   0.341  -1.103   0.372 |   -5.872  -5.358   0.502
                            f: ala2(n,p)=   0.134   0.127 #eln(n,p,t)=    -0.412    -0.411    -0.823 #del+ala2=   0.338   0.370
  17B   0.00271502 0.11  0.265 -1798.097053  240.0   5.995   5.833 |   -0.993   0.338  -1.092   0.370 |   -5.872  -5.359   0.509
                            f: ala2(n,p)=   0.134   0.127 #eln(n,p,t)=    -0.408    -0.409    -0.818 #del+ala2=   0.336   0.369
  18B   0.00215552 0.13  0.265 -1798.096388  240.0   5.995   5.833 |   -0.976   0.336  -1.083   0.369 |   -5.873  -5.359   0.509
                            f: ala2(n,p)=   0.134   0.127 #eln(n,p,t)=    -0.407    -0.409    -0.815 #del+ala2=   0.336   0.368
  19B   0.00162053 0.14  0.266 -1798.096050  240.0   5.995   5.833 |   -0.968   0.336  -1.079   0.368 |   -5.873  -5.360   0.501
                            f: ala2(n,p)=   0.134   0.127 #eln(n,p,t)=    -0.406    -0.408    -0.814 #del+ala2=   0.335   0.368
  20B   0.00103246 0.16  0.266 -1798.095824  240.0   5.995   5.833 |   -0.964   0.335  -1.077   0.368 |   -5.873  -5.360   0.502
                            f: ala2(n,p)=   0.134   0.127 #eln(n,p,t)=    -0.405    -0.408    -0.813 #del+ala2=   0.335   0.368
  21B   0.00070530 0.18  0.266 -1798.095737  240.0   5.995   5.833 |   -0.960   0.335  -1.075   0.368 |   -5.873  -5.360   0.503
                            f: ala2(n,p)=   0.134   0.127 #eln(n,p,t)=    -0.405    -0.408    -0.813 #del+ala2=   0.334   0.368
  22B   0.00028699 0.21  0.266 -1798.095742  240.0   5.995   5.833 |   -0.959   0.334  -1.075   0.368 |   -5.872  -5.360   0.509
                            f: ala2(n,p)=   0.134   0.127 #eln(n,p,t)=    -0.405    -0.408    -0.813 #del+ala2=   0.334   0.368
  23B   0.00025806 0.24  0.266 -1798.095759  240.0   5.995   5.833 |   -0.959   0.334  -1.075   0.368 |   -5.872  -5.360   0.508
                            f: ala2(n,p)=   0.134   0.127 #eln(n,p,t)=    -0.405    -0.408    -0.813 #del+ala2=   0.334   0.368
  24B   0.00030603 0.10  0.266 -1798.095743  240.0   5.995   5.833 |   -0.958   0.334  -1.075   0.368 |   -5.872  -5.360   0.513
                            f: ala2(n,p)=   0.134   0.127 #eln(n,p,t)=    -0.405    -0.408    -0.813 #del+ala2=   0.334   0.368
  25B   0.00013431 0.11  0.266 -1798.095809  240.0   5.995   5.833 |   -0.958   0.334  -1.076   0.368 |   -5.872  -5.360   0.517
                            f: ala2(n,p)=   0.134   0.127 #eln(n,p,t)=    -0.405    -0.408    -0.813 #del+ala2=   0.334   0.368
  26B   0.00010609 0.13  0.266 -1798.095794  240.0   5.995   5.833 |   -0.958   0.334  -1.076   0.368 |   -5.872  -5.360   0.512
                            f: ala2(n,p)=   0.134   0.127 #eln(n,p,t)=    -0.405    -0.408    -0.813 #del+ala2=   0.334   0.368
  27B   0.00009040 0.14  0.266 -1798.095818  240.0   5.995   5.833 |   -0.958   0.334  -1.076   0.368 |   -5.872  -5.359   0.507
                            f: ala2(n,p)=   0.134   0.127 #eln(n,p,t)=    -0.405    -0.408    -0.813 #del+ala2=   0.334   0.368
  28B   0.00008949 0.16  0.266 -1798.095819  240.0   5.995   5.833 |   -0.958   0.334  -1.076   0.368 |   -5.872  -5.359   0.507
                            f: ala2(n,p)=   0.134   0.127 #eln(n,p,t)=    -0.405    -0.408    -0.813 #del+ala2=   0.334   0.368
  29B   0.00005016 0.18  0.266 -1798.095818  240.0   5.995   5.833 |   -0.958   0.334  -1.076   0.368 |   -5.872  -5.359   0.505
                            f: ala2(n,p)=   0.134   0.127 #eln(n,p,t)=    -0.405    -0.408    -0.813 #del+ala2=   0.334   0.368
  30B   0.00002619 0.21  0.266 -1798.095821  240.0   5.995   5.833 |   -0.957   0.334  -1.076   0.368 |   -5.872  -5.359   0.501
                            f: ala2(n,p)=   0.134   0.127 #eln(n,p,t)=    -0.405    -0.408    -0.813 #del+ala2=   0.334   0.368
  31B   0.00001674 0.24  0.266 -1798.095820  240.0   5.995   5.833 |   -0.957   0.334  -1.076   0.368 |   -5.872  -5.359   0.501
                            f: ala2(n,p)=   0.134   0.127 #eln(n,p,t)=    -0.405    -0.408    -0.813 #del+ala2=   0.334   0.368
  32B   0.00001730 0.10  0.266 -1798.095818  240.0   5.995   5.833 |   -0.957   0.334  -1.076   0.368 |   -5.872  -5.359   0.508
                            f: ala2(n,p)=   0.134   0.127 #eln(n,p,t)=    -0.405    -0.408    -0.813 #del+ala2=   0.334   0.368
  33B   0.00001429 0.11  0.266 -1798.095816  240.0   5.995   5.833 |   -0.957   0.334  -1.076   0.368 |   -5.872  -5.359   0.511
                            f: ala2(n,p)=   0.134   0.127 #eln(n,p,t)=    -0.405    -0.408    -0.813 #del+ala2=   0.334   0.368
  ----------------------------------------------------------------------------------------------------------------------------------
  *   iteration converged   after  33 steps   si=     0.0000074011 ho=  0 tho=  0
  ----------------------------------------------------------------------------------------------------------------------------------
  Total CPU time=   0.279 minutes
                            f: ala2(n,p)=   0.134   0.127 #eln(n,p,t)=    -0.405    -0.408    -0.813 #del+ala2=   0.334   0.368

  Writing to wel_file: s146_094.hel
 __________________________________  
  The tape s146_094.hel recorded:     
  nucname,npr,ngh,ngl,n00,nb,nt      
  b0,beta0,si,etot,rms,bet,xmix      
  pairing:     CpV0,CpV1,pwi         
  delta:       del,ept               
  lambda:      ala,ala2,alast,tz     
  asymptotic:  varmas,ass,skass      
  ntx,nb,nhhdim,id,N_rz,n_r,n_z      
  Omega2,Sigma2,Parity,Lambda        
  matrices(inbro):    hh,de          
  *all blocking candidates           
 __________________________________  

                            f: ala2(n,p)=   0.134   0.127 #eln(n,p,t)=    -0.405    -0.408    -0.813 #del+ala2=   0.334   0.368

  NB! From expect (UNPROJECTED RESULTS)

  pairing: CpV0,CpV1,...        -170.374000    -199.202000       0.500000       0.500000
  forces:   FITS                          


                             neutrons         protons         total
  Requested part.numbs.     146.000000      94.000000     240.000000
  UnPj(av) part.numbs .     146.000000      94.000000     240.000000
  b0, bz, bp ..........       2.288716       2.288716       2.288716

  lambda (ala) ........      -5.872322      -5.359497
  Lambda (alast) ......      -5.872322      -5.359497
  delta(n,p), pwi .....       0.200125       0.241584      60.000000
  pairing energy ......      -0.957300      -1.076066      -2.033366
  LN lambda_2 ... ala2        0.134139       0.126619
  LN energies .........      -0.404676      -0.408253      -0.812929
  delta(n,p)+ala2 .....       0.334263       0.368203
  Geff(n,p) ...........      -0.041836      -0.054237

  rms-radius ..........       5.995124       5.833266       5.932255
  charge-radius, r0 ...                      5.887868       7.457358
  deformation beta2....       0.257122       0.279424       0.265567
  dipole moment[fm] ...       0.000000       0.000000       0.000000
  quadrupole moment[b]       17.021491      11.275213      28.296703
  octupole moment .....       0.000000       0.000000       0.000000
  hexadecapole moment .       1.343531       0.971625       2.315156
  q5 ..................       0.000000       0.000000       0.000000
  q6 ..................       0.057617       0.127535       0.185152
  q7 ..................       0.000000       0.000000       0.000000
  q8 ..................      -0.071601      -0.012825      -0.084426

  kinetic energy ......    2913.688578    1522.286480    4435.975058
  volume energy .......                                 -7382.721055
        rho_tau .......                                  -404.776327
        rho_rho .......                                 -6977.944727
  surface energy ......                                   243.690472
   rho_DELTA_rho ......                                   243.690472
   (NABLA_rho)^2 ......                                     0.000000
  spin-orbit energy ...                                   -83.316143
        rho_NABLA_J ...                                   -83.316143
        NABLA_rho_J ...                                     0.000000
  coulomb energy ......                                   991.122149
          direct ......                                  1026.782589
          exchange ....                                   -35.660439
  tensor energy .......                                     0.000000
  direct Hartree E  ...                                     0.000000
  Extra E .............                                     0.000000
  External field E ....                                     0.000000
  Entropy .............       0.000000       0.000000       0.000000

  tEnergy: ehfb (qp)...                                 -1797.282885
  tEnergy: ehfb(qp)+LN                                  -1798.095813

  Calculated but not added corrections 
====================================
  cmc-diagonal part ...      12.191166       6.369399      18.560565
  cmc-hfb .............       0.000000       0.000000       0.000000
  cranking rot corr ...       0.000000       0.000000       0.000000

  SQUJ ................       0.000000       0.000000       0.000000
  CRAN x 4 ............       0.000000       0.000000       0.000000
  Rigit Body ..........       0.000000       0.000000       0.000000


  With Lipkin-Nogami Corrections
================================
  rms-radius ..........       5.995176       5.834788       5.932874
  charge-radius, r0 ...                      5.889376       7.457358
  deformation beta ....       0.257845       0.280932       0.266591
  quadrupole moment[b]       17.069670      11.341998      28.411669
  hexadecapole moment .       1.374187       1.010588       2.384776
================================


   Blocking candidates are:
   neutron eqpmin=  0.21592004176330093       pwiblo=   2.0000000000000000     
    num=   1 block=   5 state=   1   122 Eqp=   0.21592004  (1-2N)E=  -0.03749305  Ovlp=   0.58778759  5+[ 6, 2, 2]
    num=   2 block=   8 state=   1   187 Eqp=   0.22336808  (1-2N)E=   0.03292538  Ovlp=   0.59558110  7-[ 7, 4, 3]
    num=   3 block=   1 state=   1     1 Eqp=   0.40299246  (1-2N)E=  -0.34851685  Ovlp=   0.64816135  1+[ 6, 3, 1]
    num=   4 block=   7 state=   1   167 Eqp=   0.46130753  (1-2N)E=   0.41159738  Ovlp=   0.72217055  7+[ 6, 2, 4]
    num=   5 block=   6 state=   1   147 Eqp=   0.68343048  (1-2N)E=  -0.65241240  Ovlp=   0.65442426  5-[ 7, 5, 2]
    num=   6 block=   1 state=   2     2 Eqp=   0.71216788  (1-2N)E=   0.68366994  Ovlp=   0.77380782  1+[ 6, 2, 0]
    num=   7 block=   5 state=   2   123 Eqp=   0.79926394  (1-2N)E=  -0.76805964  Ovlp=   0.70170203  5+[ 6, 3, 3]
    num=   8 block=  10 state=   1   219 Eqp=   1.02091510  (1-2N)E=   0.99757066  Ovlp=   0.86663132  9-[ 7, 3, 4]
    num=   9 block=   7 state=   2   168 Eqp=   1.05465479  (1-2N)E=   1.03693132  Ovlp=   0.79113612  7+[ 6, 1, 3]
    num=  10 block=   3 state=   1    67 Eqp=   1.05754310  (1-2N)E=   1.03766838  Ovlp=   0.80260594  3+[ 6, 2, 2]
    num=  11 block=   3 state=   2    68 Eqp=   1.22502425  (1-2N)E=  -1.20711422  Ovlp=   0.67776576  3+[ 6, 3, 1]
    num=  12 block=   2 state=   1    37 Eqp=   1.41845610  (1-2N)E=   1.40708822  Ovlp=   0.57671229  1-[ 7, 7, 0]
    num=  13 block=   4 state=   1    97 Eqp=   1.45785653  (1-2N)E=  -1.44488047  Ovlp=   0.50525709  3-[ 7, 6, 1]
    num=  14 block=   2 state=   2    38 Eqp=   1.73296583  (1-2N)E=  -1.72559762  Ovlp=   0.86413355  1-[ 5, 0, 1]
    num=  15 block=   9 state=   1   203 Eqp=   1.82464459  (1-2N)E=   1.81708596  Ovlp=   0.81242683  9+[ 6, 0, 4]
    num=  16 block=   2 state=   3    39 Eqp=   1.86759212  (1-2N)E=  -1.85656972  Ovlp=   0.43254746  1-[ 7, 5, 0]
    num=  17 block=  13 state=   1   252 Eqp=   1.99634633  (1-2N)E=  -1.98889333  Ovlp=   0.99516183 13+[ 6, 0, 6]
    num=  18 block=   4 state=   2    98 Eqp=   2.15178082  (1-2N)E=  -2.14572657  Ovlp=   0.88197376  3-[ 5, 0, 1]
    num=  19 block=   6 state=   2   148 Eqp=   2.15371200  (1-2N)E=  -2.14699668  Ovlp=   0.93021841  5-[ 5, 0, 3]
    num=  20 block=  12 state=   1   243 Eqp=   2.16384769  (1-2N)E=   2.15387777  Ovlp=   0.93223714 11-[ 7, 2, 5]

   Blocking candidates are:
   proton  eqpmin=  0.26003947277536099       pwiblo=   2.0000000000000000     
    num=   1 block=   4 state=   1    97 Eqp=   0.26003947  (1-2N)E=   0.05769886  Ovlp=   0.58624304  3-[ 5, 2, 1]
    num=   2 block=   5 state=   1   122 Eqp=   0.26409499  (1-2N)E=  -0.00128102  Ovlp=   0.47975057  5+[ 6, 4, 2]
    num=   3 block=   6 state=   1   147 Eqp=   0.35761987  (1-2N)E=   0.24147048  Ovlp=   0.76848633  5-[ 5, 2, 3]
    num=   4 block=   3 state=   1    67 Eqp=   0.56743171  (1-2N)E=  -0.50999285  Ovlp=   0.49034270  3+[ 6, 5, 1]
    num=   5 block=   7 state=   1   167 Eqp=   0.86386836  (1-2N)E=   0.82391117  Ovlp=   0.80240051  7+[ 6, 3, 3]
    num=   6 block=   1 state=   1     1 Eqp=   0.92072622  (1-2N)E=  -0.89035140  Ovlp=   0.41554496  1+[ 6, 4, 0]
    num=   7 block=   2 state=   1    37 Eqp=   1.02876065  (1-2N)E=   0.99706289  Ovlp=   0.74089510  1-[ 5, 2, 1]
    num=   8 block=   2 state=   2    38 Eqp=   1.14926856  (1-2N)E=  -1.12253713  Ovlp=   0.58552121  1-[ 5, 3, 0]
    num=   9 block=   4 state=   2    98 Eqp=   1.17069794  (1-2N)E=  -1.14005985  Ovlp=   0.69472025  3-[ 5, 3, 2]
    num=  10 block=   1 state=   2     2 Eqp=   1.37927967  (1-2N)E=  -1.36488881  Ovlp=   0.79831673  1+[ 4, 0, 0]
    num=  11 block=  12 state=   1   243 Eqp=   1.57888995  (1-2N)E=  -1.56516628  Ovlp=   0.98156000 11-[ 5, 0, 5]
    num=  12 block=   3 state=   2    68 Eqp=   1.58135879  (1-2N)E=  -1.56811974  Ovlp=   0.87403668  3+[ 4, 0, 2]
    num=  13 block=   6 state=   2   148 Eqp=   1.70518563  (1-2N)E=   1.69134887  Ovlp=   0.85034062  5-[ 5, 1, 2]
    num=  14 block=   8 state=   1   187 Eqp=   2.09716186  (1-2N)E=   2.08414408  Ovlp=   0.91828304  7-[ 5, 1, 4]
    num=  15 block=   9 state=   1   203 Eqp=   2.12289988  (1-2N)E=   2.10766686  Ovlp=   0.90231851  9+[ 6, 2, 4]



 HFBTHO_SOLVER ended without errors

