Wed Jan  1 15:41:57 PST 2014
Warning: No display specified.  You will not be able to display graphics on the screen.

                            < M A T L A B (R) >
                  Copyright 1984-2010 The MathWorks, Inc.
                Version 7.11.0.584 (R2010b) 64-bit (glnxa64)
                              August 16, 2010

 
  To get started, type one of these: helpwin, helpdesk, or demo.
  For product information, visit www.mathworks.com.
 
>> >> >> >> >> >> >> >> >> >> >> >> >> >> >> >> >> >> >> >> >> >> >> >> >> >> >> >> >> >> >> >> >> >> >> >> >> >> >> >> >> >> >> >> >> >> >> >> >> >> >> >> >> >> >> >> >> {Warning: The value of local variables may have been changed to match the
         globals.  Future versions of MATLAB will require that you declare
         a variable to be global before you use that variable.} 
> In pounders at 60
  nf   delta    fl  np       f0           g0       ierror

normf =

   67.8136

||f||^2 = 67.813570
   1    Initial point  6.56531e-02

normf =

   3.3255e+03

||f||^2 = 3325.471290
   2   Geometry point  3.32547e+03

normf =

   2.5119e+04

||f||^2 = 25119.185532
   3   Geometry point  2.51192e+04

normf =

   1.4287e+03

||f||^2 = 1428.734166
   4   Geometry point  1.42873e+03

normf =

  670.4119

||f||^2 = 670.411908
   5   Geometry point  6.70412e+02

normf =

  150.6068

||f||^2 = 150.606828
   6   Geometry point  1.50607e+02

normf =

   6.7497e+03

||f||^2 = 6749.683946
   7   Geometry point  6.74968e+03

normf =

   1.2854e+04

||f||^2 = 12853.954398
   8   Geometry point  1.28540e+04

normf =

  185.9974

||f||^2 = 185.997388
   9   Geometry point  1.85997e+02

normf =

  103.7616

||f||^2 = 103.761631
  10   Geometry point  1.03762e+02

normf =

   94.5000

||f||^2 = 94.500005
  11   Geometry point  9.45000e+01

normf =

   1.0541e+04

||f||^2 = 10541.109147
  12   Geometry point  1.05411e+04

normf =

   64.2431

||f||^2 = 64.243098
  13   Geometry point  6.42431e+01
  13  1.00e-01  1  13  6.78136e+01   7.3221e+03   1.526e-15

normf =

   60.7674

||f||^2 = 60.767353
  14  1.00e-01  1  14  6.07674e+01   3.5607e+03   1.651e-01

normf =

   59.7717

||f||^2 = 59.771680
  15  5.00e-02  0  15  5.97717e+01   4.8153e+02   2.318e-01

normf =

   60.0565

||f||^2 = 60.056534

normf =

   73.7893

||f||^2 = 73.789303
  17   Model point     7.37893e+01
  17  5.00e-02  0  17  5.97717e+01   4.7875e+02   3.521e-01

normf =

   59.2698

||f||^2 = 59.269839
  18  1.00e-01  1  18  5.92698e+01   1.3978e+02   3.470e-01

normf =

   59.6988

||f||^2 = 59.698817
  19  5.00e-02  0  19  5.92698e+01   1.3910e+02   3.479e-01

normf =

   59.2325

||f||^2 = 59.232463
  20  1.00e-01  1  20  5.92325e+01   9.9876e+02   3.487e-01

normf =

   66.2575

||f||^2 = 66.257515
  21  5.00e-02  0  21  5.92325e+01   9.9874e+02   3.504e-01

normf =

   59.3693

||f||^2 = 59.369314

normf =

  352.4631

||f||^2 = 352.463137
  23   Model point     3.52463e+02
  23  5.00e-02  0  23  5.92325e+01   9.9852e+02   3.099e-01

normf =

   58.5278

||f||^2 = 58.527788
  24  1.00e-01  1  24  5.85278e+01   1.6430e+03   7.160e-01

normf =

   58.6116

||f||^2 = 58.611581
  25  5.00e-02  0  25  5.85278e+01   1.6427e+03   6.701e-01

normf =

   57.6600

||f||^2 = 57.660018
  26  1.00e-01  0  26  5.76600e+01   6.6624e+02   1.853e+00

normf =

   60.9173

||f||^2 = 60.917330

normf =

   2.4418e+04

||f||^2 = 24418.320230
  28   Model point     2.44183e+04
  28  1.00e-01  1  28  5.76600e+01   6.7606e+02   7.077e-01

normf =

   63.0131

||f||^2 = 63.013134
  29  5.00e-02  0  29  5.76600e+01   6.7605e+02   5.698e-01

normf =

   57.7893

||f||^2 = 57.789315

normf =

   73.7513

||f||^2 = 73.751298
  31   Model point     7.37513e+01
  31  5.00e-02  0  31  5.76600e+01   6.7871e+02   6.191e-01

normf =

   57.3888

||f||^2 = 57.388797
  32  1.00e-01  1  32  5.73888e+01   9.0137e+02   1.089e+00

normf =

   57.8016

||f||^2 = 57.801560
  33  5.00e-02  0  32  5.73888e+01   8.9387e+02   9.071e-01

normf =

   58.7255

||f||^2 = 58.725477
Note: Geometry points need to be coordinate directions!
Note: Geometry points need to be coordinate directions!

normf =

   61.3655

||f||^2 = 61.365546
  35   Model point     6.13655e+01
  35  5.00e-02  0  34  5.73888e+01   8.8297e+02   7.843e-01

normf =

   57.2820

||f||^2 = 57.282018
  36  1.00e-01  1  36  5.72820e+01   4.2170e+02   1.695e+00

normf =

   57.2142

||f||^2 = 57.214217
  37  5.00e-02  1  36  5.72142e+01   2.2388e+02   1.723e+00

normf =

   57.3229

||f||^2 = 57.322905
  38  2.50e-02  0  15  5.72142e+01   3.4178e+02   6.232e-02

normf =

   57.2281

||f||^2 = 57.228141

normf =

  121.3042

||f||^2 = 121.304199
  40   Model point     1.21304e+02
  40  2.50e-02  0  17  5.72142e+01   9.9068e+01   5.944e-02

normf =

   57.3348

||f||^2 = 57.334828

normf =

   60.4635

||f||^2 = 60.463495
  42   Model point     6.04635e+01
  42  2.50e-02  0  19  5.72142e+01   3.3806e+02   1.495e-01

normf =

   57.1721

||f||^2 = 57.172112
  43  5.00e-02  0  39  5.71721e+01   5.3481e+02   6.094e-01

normf =

   57.6726

||f||^2 = 57.672591

normf =

   6.1467e+03

||f||^2 = 6146.739628
  45   Model point     6.14674e+03
  45  5.00e-02  1  41  5.71721e+01   5.8773e+02   6.879e-01

normf =

   57.4961

||f||^2 = 57.496148
  46  2.50e-02  0  22  5.71721e+01   4.4447e+02   1.479e-01

normf =

   57.4896

||f||^2 = 57.489556

normf =

   1.6142e+03

||f||^2 = 1614.150285
  48   Model point     1.61415e+03
  48  2.50e-02  1  24  5.71721e+01   4.2424e+02   3.224e-01

normf =

   57.6802

||f||^2 = 57.680218
  49  1.25e-02  0  18  5.71721e+01   5.3380e+02   4.136e-02

normf =

   57.3276

||f||^2 = 57.327580

normf =

   60.1591

||f||^2 = 60.159061
  51   Model point     6.01591e+01
  51  1.25e-02  0  20  5.71721e+01   4.2068e+02   4.302e-02

normf =

   57.2823

||f||^2 = 57.282298

normf =

   57.5215

||f||^2 = 57.521544
  53   Model point     5.75215e+01
  53  1.25e-02  0  22  5.71721e+01   4.4859e+02   1.120e-01

normf =

   57.3255

||f||^2 = 57.325548

normf =

   58.0649

||f||^2 = 58.064939
  55   Model point     5.80649e+01
  55  1.25e-02  0  24  5.71721e+01   4.0854e+02   4.676e-02

normf =

   57.3853

||f||^2 = 57.385280

normf =

   61.8532

||f||^2 = 61.853166
  57   Model point     6.18532e+01
  57  1.25e-02  0  26  5.71721e+01   4.2362e+02   4.146e-02

normf =

   57.1635

||f||^2 = 57.163506

normf =

  107.9706

||f||^2 = 107.970583
  59   Model point     1.07971e+02
  59  1.25e-02  0  28  5.71721e+01   4.2603e+02   1.849e-02

normf =

   57.3882

||f||^2 = 57.388214

normf =

  437.5245

||f||^2 = 437.524516
  61   Model point     4.37525e+02
  61  1.25e-02  1  30  5.71721e+01   4.0252e+02   1.851e-02

normf =

   57.1450

||f||^2 = 57.145015
  62  2.50e-02  1  38  5.71450e+01   8.4320e+01   6.625e-02

normf =

   57.7973

||f||^2 = 57.797331
  63  1.25e-02  1  30  5.71450e+01   1.0794e+02   4.204e-02

normf =

   57.3248

||f||^2 = 57.324780
  64  6.25e-03  0  24  5.71450e+01   9.4787e+01   1.355e-02

normf =

   57.3165

||f||^2 = 57.316530

normf =

   59.4605

||f||^2 = 59.460513
  66   Model point     5.94605e+01
  66  6.25e-03  0  26  5.71450e+01   9.0834e+01   1.534e-02

normf =

   57.3651

||f||^2 = 57.365066

normf =

   57.4520

||f||^2 = 57.451959
  68   Model point     5.74520e+01
  68  6.25e-03  0  28  5.71450e+01   4.6338e+01   2.138e-02

normf =

   57.1829

||f||^2 = 57.182880

normf =

   61.7596

||f||^2 = 61.759585
  70   Model point     6.17596e+01
  70  6.25e-03  0  30  5.71450e+01   4.6265e+01   4.394e-02

normf =

   57.1237

||f||^2 = 57.123735
  71  1.25e-02  1  38  5.71237e+01   1.9075e+02   1.313e-01

normf =

   57.3297

||f||^2 = 57.329651
  72  6.25e-03  0  33  5.71237e+01   1.9345e+02   1.780e-01

normf =

   57.3331

||f||^2 = 57.333128

normf =

   57.3102

||f||^2 = 57.310151
  74   Model point     5.73102e+01
  74  6.25e-03  0  35  5.71237e+01   1.5452e+02   1.641e-01

normf =

   57.2413

||f||^2 = 57.241274

normf =

   63.0705

||f||^2 = 63.070545
  76   Model point     6.30705e+01
  76  6.25e-03  0  37  5.71237e+01   1.0160e+02   6.045e-02
