Creating directory /p/lscratche/schunck1/POUNDerS_DME_LO
Creating directory /p/lscratche/schunck1/POUNDerS_DME_LO/src
Sat Jan  4 17:22:27 PST 2014
Warning: No display specified.  You will not be able to display graphics on the screen.

                            < M A T L A B (R) >
                  Copyright 1984-2010 The MathWorks, Inc.
                Version 7.11.0.584 (R2010b) 64-bit (glnxa64)
                              August 16, 2010

 
  To get started, type one of these: helpwin, helpdesk, or demo.
  For product information, visit www.mathworks.com.
 
>> >> >> >> >> >> >> >> >> >> >> >> >> >> >> >> >> >> >> >> >> >> >> >> >> >> >> >> >> >> >> >> >> >> >> >> >> >> >> >> >> >> >> >> >> >> >> >> >> >> >> >> >> >> {Warning: The value of local variables may have been changed to match the
         globals.  Future versions of MATLAB will require that you declare
         a variable to be global before you use that variable.} 
> In pounders at 60
  nf   delta    fl  np       f0           g0       ierror

normf =

  292.7502

||f||^2 = 292.750194
   1    Initial point  2.46552e+00

normf =

   2.4406e+03

||f||^2 = 2440.639012
   2   Geometry point  2.44064e+03

normf =

   2.7349e+04

||f||^2 = 27348.826643
   3   Geometry point  2.73488e+04

normf =

   1.4370e+03

||f||^2 = 1437.022377
   4   Geometry point  1.43702e+03

normf =

  512.9329

||f||^2 = 512.932921
   5   Geometry point  5.12933e+02

normf =

  517.0907

||f||^2 = 517.090682
   6   Geometry point  5.17091e+02

normf =

   5.5030e+03

||f||^2 = 5502.952975
   7   Geometry point  5.50295e+03

normf =

   3.5658e+05

||f||^2 = 356576.072168
   8   Geometry point  3.56576e+05

normf =

   4.4142e+08

||f||^2 = 441422314.807806
   9   Geometry point  4.41422e+08

normf =

  347.3661

||f||^2 = 347.366068
  10   Geometry point  3.47366e+02

normf =

  318.8977

||f||^2 = 318.897686
  11   Geometry point  3.18898e+02

normf =

   1.4526e+04

||f||^2 = 14526.288289
  12   Geometry point  1.45263e+04

normf =

  216.8017

||f||^2 = 216.801729
  13   Geometry point  2.16802e+02
  13  1.00e-01  1  13  2.92750e+02   1.9875e+06   9.916e-16

normf =

  114.2993

||f||^2 = 114.299291
  14  1.00e-01  1  14  1.14299e+02   1.2646e+06   1.526e-01

normf =

   99.6960

||f||^2 = 99.696047
  15  1.00e-01  1  15  9.96960e+01   1.1273e+06   1.572e-01

normf =

   94.9803

||f||^2 = 94.980253
  16  1.00e-01  0  16  9.49803e+01   5.9147e+05   1.403e-01

normf =

  402.8237

||f||^2 = 402.823744

normf =

  927.5760

||f||^2 = 927.575962
  18   Model point     9.27576e+02
  18  1.00e-01  0  18  9.49803e+01   5.9147e+05   8.946e-01

normf =

  161.0780

||f||^2 = 161.077967

normf =

   1.1410e+03

||f||^2 = 1140.982110
  20   Model point     1.14098e+03
  20  1.00e-01  0  20  9.49803e+01   5.9148e+05   1.014e+00

normf =

  106.2572

||f||^2 = 106.257240

normf =

   1.1051e+05

||f||^2 = 110513.108853
  22   Model point     1.10513e+05
  22  1.00e-01  0  22  9.49803e+01   5.9148e+05   1.228e+01

normf =

  302.8731

||f||^2 = 302.873120

normf =

  266.9514

||f||^2 = 266.951409
  24   Model point     2.66951e+02
  24  1.00e-01  1  24  9.49803e+01   4.9992e+04   6.831e+03

normf =

  916.7088

||f||^2 = 916.708794
  25  5.00e-02  0  25  9.49803e+01   5.0981e+04   6.838e+03

normf =

  345.4938

||f||^2 = 345.493821

normf =

   1.1801e+03

||f||^2 = 1180.090923
  27   Model point     1.18009e+03
  27  5.00e-02  0  27  9.49803e+01   4.8337e+04   7.085e+03

normf =

  889.0469

||f||^2 = 889.046853

normf =

   1.3873e+04

||f||^2 = 13872.947478
  29   Model point     1.38729e+04
  29  5.00e-02  1  29  9.49803e+01   4.6790e+04   7.019e+03

normf =

  713.5550

||f||^2 = 713.555022
  30  2.50e-02  0  16  9.49803e+01   5.5483e+04   7.540e+03

normf =

  120.2570

||f||^2 = 120.257020

normf =

   92.4613

||f||^2 = 92.461280
  32   Model point     9.24613e+01
**improvement from model point****
  32  2.50e-02  0  18  9.24613e+01   6.1601e+04   8.516e+03

normf =

  145.7593

||f||^2 = 145.759272

normf =

   3.9897e+03

||f||^2 = 3989.746571
  34   Model point     3.98975e+03
  34  2.50e-02  0  20  9.24613e+01   6.0790e+04   8.768e+03

normf =

  102.2703

||f||^2 = 102.270254

normf =

   5.5682e+03

||f||^2 = 5568.167787
  36   Model point     5.56817e+03
  36  2.50e-02  0  22  9.24613e+01   6.0942e+04   8.662e+03

normf =

  114.9452

||f||^2 = 114.945165

normf =

   4.4417e+03

||f||^2 = 4441.672006
  38   Model point     4.44167e+03
  38  2.50e-02  1  24  9.24613e+01   6.2077e+04   8.141e+03

normf =

  134.8641

||f||^2 = 134.864119
  39  1.25e-02  0  20  9.24613e+01   6.4235e+04   8.506e+03

normf =

  110.5637

||f||^2 = 110.563692

normf =

  518.6402

||f||^2 = 518.640212
  41   Model point     5.18640e+02
  41  1.25e-02  0  22  9.24613e+01   6.2548e+04   7.577e+03

normf =

  108.8567

||f||^2 = 108.856702

normf =

  274.1627

||f||^2 = 274.162731
  43   Model point     2.74163e+02
  43  1.25e-02  0  24  9.24613e+01   6.1931e+04   7.037e+03

normf =

  105.2918

||f||^2 = 105.291790

normf =

  482.2413

||f||^2 = 482.241338
  45   Model point     4.82241e+02
  45  1.25e-02  0  26  9.24613e+01   3.3951e+04   7.382e+02

normf =

   87.9141

||f||^2 = 87.914112
  46  1.25e-02  1  27  9.24613e+01   2.9624e+04   1.227e+03

normf =

   95.6941

||f||^2 = 95.694074
  47  6.25e-03  0  16  9.24613e+01   3.0868e+04   1.247e+02

normf =

   93.2703

||f||^2 = 93.270291

normf =

   89.9227

||f||^2 = 89.922655
  49   Model point     8.99227e+01
**improvement from model point****
  49  6.25e-03  0  18  8.99227e+01   2.7872e+04   1.058e+02

normf =

   90.0495

||f||^2 = 90.049452

normf =

   92.5318

||f||^2 = 92.531811
  51   Model point     9.25318e+01
  51  6.25e-03  0  20  8.99227e+01   2.2598e+04   5.524e+01

normf =

   92.0196

||f||^2 = 92.019635

normf =

  182.0684

||f||^2 = 182.068448
  53   Model point     1.82068e+02
  53  6.25e-03  0  22  8.99227e+01   2.0005e+04   2.130e+01

normf =

   98.7007

||f||^2 = 98.700703

normf =

  129.3138

||f||^2 = 129.313755
  55   Model point     1.29314e+02
  55  6.25e-03  1  24  8.99227e+01   2.0978e+04   2.999e+01

normf =

   90.4466

||f||^2 = 90.446559
  56  3.12e-03  0  17  8.99227e+01   2.1459e+04   3.000e+00

normf =

   88.0218

||f||^2 = 88.021838
  57  6.25e-03  0  26  8.80218e+01   1.1590e+04   2.081e+01

normf =

   87.0945

||f||^2 = 87.094452

normf =

  574.6941

||f||^2 = 574.694127
  59   Model point     5.74694e+02
  59  6.25e-03  1  28  8.80218e+01   1.0551e+04   3.305e+01

normf =

   91.2771

||f||^2 = 91.277069
  60  3.12e-03  0  21  8.80218e+01   6.1621e+03   1.752e+00

normf =

   88.9977

||f||^2 = 88.997674

normf =

   88.0552

||f||^2 = 88.055196
  62   Model point     8.80552e+01
  62  3.12e-03  0  23  8.80218e+01   5.7142e+03   1.731e+00

normf =

   88.9284

||f||^2 = 88.928414

normf =

   88.8675

||f||^2 = 88.867499
  64   Model point     8.88675e+01
  64  3.12e-03  0  25  8.80218e+01   6.1518e+03   1.794e+00

normf =

   88.2747

||f||^2 = 88.274720

normf =

   89.3767

||f||^2 = 89.376671
  66   Model point     8.93767e+01
  66  3.12e-03  0  27  8.80218e+01   3.7318e+03   6.928e-01

normf =

   86.4786

||f||^2 = 86.478573
  67  6.25e-03  1  36  8.64786e+01   4.6590e+03   8.664e+00

normf =

   89.2105

||f||^2 = 89.210548
  68  3.12e-03  0  31  8.64786e+01   4.9902e+03   1.055e+00

normf =

   85.4229

||f||^2 = 85.422866
  69  6.25e-03  1  38  8.54229e+01   6.5181e+03   1.998e+01

normf =

   86.9184

||f||^2 = 86.918441
  70  3.12e-03  0  27  8.54229e+01   7.1012e+03   5.828e+00

normf =

   86.4705

||f||^2 = 86.470486

normf =

   85.4394

||f||^2 = 85.439405
  72   Model point     8.54394e+01
  72  3.12e-03  0  29  8.54229e+01   5.7203e+03   2.873e+00

normf =

   85.2916

||f||^2 = 85.291562

normf =

   86.2891

||f||^2 = 86.289124
  74   Model point     8.62891e+01
  74  3.12e-03  0  31  8.54229e+01   5.0058e+03   2.684e+00

normf =

   85.8527

||f||^2 = 85.852689

normf =

   85.8653

||f||^2 = 85.865286
  76   Model point     8.58653e+01
  76  3.12e-03  0  33  8.54229e+01   4.0629e+03   1.344e+00

normf =

   86.5643

||f||^2 = 86.564300

normf =

   90.1433

||f||^2 = 90.143263
  78   Model point     9.01433e+01
  78  3.12e-03  0  35  8.54229e+01   3.4665e+03   6.506e-01

normf =

   85.1241

||f||^2 = 85.124105

normf =

  200.1119

||f||^2 = 200.111949
  80   Model point     2.00112e+02
  80  3.12e-03  0  37  8.54229e+01   2.9974e+03   6.968e-01

normf =

   85.7258

||f||^2 = 85.725821
  81  3.12e-03  1  38  8.54229e+01   2.9265e+03   6.582e-01

normf =

   87.2844

||f||^2 = 87.284417
  82  1.56e-03  0  19  8.54229e+01   6.7769e+03   6.586e-02

normf =

   84.7681

||f||^2 = 84.768070
  83  3.12e-03  0  38  8.47681e+01   3.1440e+03   5.283e-01

normf =

   86.0305

||f||^2 = 86.030473
  84  3.12e-03  1  39  8.47681e+01   3.2576e+03   3.839e-01

normf =

   85.8982

||f||^2 = 85.898187
  85  1.56e-03  0  21  8.47681e+01   2.9507e+03   2.975e-02

normf =

   84.7480

||f||^2 = 84.747967

normf =

   84.7668

||f||^2 = 84.766781
  87   Model point     8.47668e+01
**improvement from model point****
  87  1.56e-03  0  23  8.47668e+01   1.7817e+03   4.399e-02

normf =

   85.3006

||f||^2 = 85.300635

normf =

   84.9846

||f||^2 = 84.984551
  89   Model point     8.49846e+01
  89  1.56e-03  0  25  8.47668e+01   1.2774e+03   5.793e-02

normf =

   85.3374

||f||^2 = 85.337393

normf =

   92.5711

||f||^2 = 92.571101
  91   Model point     9.25711e+01
  91  1.56e-03  0  27  8.47668e+01   9.5842e+02   1.473e-02

normf =

   84.5973

||f||^2 = 84.597349
  92  3.12e-03  1  45  8.45973e+01   1.1350e+03   2.870e-02

normf =

   84.9160

||f||^2 = 84.916037
  93  1.56e-03  0  28  8.45973e+01   8.6646e+02   2.038e-02

normf =

   85.5592

||f||^2 = 85.559217

normf =

   84.8019

||f||^2 = 84.801888
  95   Model point     8.48019e+01
  95  1.56e-03  0  30  8.45973e+01   9.4945e+02   2.378e-02

normf =

   84.7328

||f||^2 = 84.732823

normf =

   84.8006

||f||^2 = 84.800566
  97   Model point     8.48006e+01
  97  1.56e-03  0  32  8.45973e+01   7.7658e+02   1.706e-02

normf =

   84.1166

||f||^2 = 84.116575
  98  3.12e-03  1  50  8.41166e+01   8.6513e+02   5.929e-02

normf =

   86.9454

||f||^2 = 86.945426
  99  1.56e-03  0  32  8.41166e+01   7.1093e+02   4.220e-02

normf =

   83.7337

||f||^2 = 83.733682
Number of function evals exceeded
>> >> Sat Jan  4 23:16:57 PST 2014
